[2023-12-20 17:23:22] local.ERROR: SQLSTATE[HY000]: General error: 1005 Can't create table `vendas`.`produtos` (errno: 150 "Foreign key constraint is incorrectly formed") (Connection: mysql, SQL: alter table `produtos` add constraint `produtos_categoria_id_foreign` foreign key (`categoria_id`) references `categorias` (`id`)) {"exception":"[object] (Illuminate\\Database\\QueryException(code: HY000): SQLSTATE[HY000]: General error: 1005 Can't create table `vendas`.`produtos` (errno: 150 \"Foreign key constraint is incorrectly formed\") (Connection: mysql, SQL: alter table `produtos` add constraint `produtos_categoria_id_foreign` foreign key (`categoria_id`) references `categorias` (`id`)) at C:\\Users\\admin\\OneDrive\\Documents\\atv_av3\\av3\\vendor\\laravel\\framework\\src\\Illuminate\\Database\\Connection.php:822)
[stacktrace]
#0 C:\\Users\\admin\\OneDrive\\Documents\\atv_av3\\av3\\vendor\\laravel\\framework\\src\\Illuminate\\Database\\Connection.php(776): Illuminate\\Database\\Connection->runQueryCallback('alter table `pr...', Array, Object(Closure))
#1 C:\\Users\\admin\\OneDrive\\Documents\\atv_av3\\av3\\vendor\\laravel\\framework\\src\\Illuminate\\Database\\Connection.php(569): Illuminate\\Database\\Connection->run('alter table `pr...', Array, Object(Closure))
#2 C:\\Users\\admin\\OneDrive\\Documents\\atv_av3\\av3\\vendor\\laravel\\framework\\src\\Illuminate\\Database\\Schema\\Blueprint.php(110): Illuminate\\Database\\Connection->statement('alter table `pr...')
#3 C:\\Users\\admin\\OneDrive\\Documents\\atv_av3\\av3\\vendor\\laravel\\framework\\src\\Illuminate\\Database\\Schema\\Builder.php(552): Illuminate\\Database\\Schema\\Blueprint->build(Object(Illuminate\\Database\\MySqlConnection), Object(Illuminate\\Database\\Schema\\Grammars\\MySqlGrammar))
#4 C:\\Users\\admin\\OneDrive\\Documents\\atv_av3\\av3\\vendor\\laravel\\framework\\src\\Illuminate\\Database\\Schema\\Builder.php(406): Illuminate\\Database\\Schema\\Builder->build(Object(Illuminate\\Database\\Schema\\Blueprint))
#5 C:\\Users\\admin\\OneDrive\\Documents\\atv_av3\\av3\\vendor\\laravel\\framework\\src\\Illuminate\\Support\\Facades\\Facade.php(355): Illuminate\\Database\\Schema\\Builder->create('produtos', Object(Closure))
#6 C:\\Users\\admin\\OneDrive\\Documents\\atv_av3\\av3\\database\\migrations\\2023_12_20_151143_create_produtos_table.php(14): Illuminate\\Support\\Facades\\Facade::__callStatic('create', Array)
#7 C:\\Users\\admin\\OneDrive\\Documents\\atv_av3\\av3\\vendor\\laravel\\framework\\src\\Illuminate\\Database\\Migrations\\Migrator.php(493): CreateProdutosTable->up()
#8 C:\\Users\\admin\\OneDrive\\Documents\\atv_av3\\av3\\vendor\\laravel\\framework\\src\\Illuminate\\Database\\Migrations\\Migrator.php(410): Illuminate\\Database\\Migrations\\Migrator->runMethod(Object(Illuminate\\Database\\MySqlConnection), Object(CreateProdutosTable), 'up')
#9 C:\\Users\\admin\\OneDrive\\Documents\\atv_av3\\av3\\vendor\\laravel\\framework\\src\\Illuminate\\Database\\Migrations\\Migrator.php(419): Illuminate\\Database\\Migrations\\Migrator->Illuminate\\Database\\Migrations\\{closure}()
#10 C:\\Users\\admin\\OneDrive\\Documents\\atv_av3\\av3\\vendor\\laravel\\framework\\src\\Illuminate\\Database\\Migrations\\Migrator.php(216): Illuminate\\Database\\Migrations\\Migrator->runMigration(Object(CreateProdutosTable), 'up')
#11 C:\\Users\\admin\\OneDrive\\Documents\\atv_av3\\av3\\vendor\\laravel\\framework\\src\\Illuminate\\Console\\View\\Components\\Task.php(37): Illuminate\\Database\\Migrations\\Migrator->Illuminate\\Database\\Migrations\\{closure}()
#12 C:\\Users\\admin\\OneDrive\\Documents\\atv_av3\\av3\\vendor\\laravel\\framework\\src\\Illuminate\\Database\\Migrations\\Migrator.php(756): Illuminate\\Console\\View\\Components\\Task->render('2023_12_20_1511...', Object(Closure))
#13 C:\\Users\\admin\\OneDrive\\Documents\\atv_av3\\av3\\vendor\\laravel\\framework\\src\\Illuminate\\Database\\Migrations\\Migrator.php(216): Illuminate\\Database\\Migrations\\Migrator->write('Illuminate\\\\Cons...', '2023_12_20_1511...', Object(Closure))
#14 C:\\Users\\admin\\OneDrive\\Documents\\atv_av3\\av3\\vendor\\laravel\\framework\\src\\Illuminate\\Database\\Migrations\\Migrator.php(181): Illuminate\\Database\\Migrations\\Migrator->runUp('C:\\\\Users\\\\admin\\\\...', 1, false)
#15 C:\\Users\\admin\\OneDrive\\Documents\\atv_av3\\av3\\vendor\\laravel\\framework\\src\\Illuminate\\Database\\Migrations\\Migrator.php(124): Illuminate\\Database\\Migrations\\Migrator->runPending(Array, Array)
#16 C:\\Users\\admin\\OneDrive\\Documents\\atv_av3\\av3\\vendor\\laravel\\framework\\src\\Illuminate\\Database\\Console\\Migrations\\MigrateCommand.php(90): Illuminate\\Database\\Migrations\\Migrator->run(Array, Array)
#17 C:\\Users\\admin\\OneDrive\\Documents\\atv_av3\\av3\\vendor\\laravel\\framework\\src\\Illuminate\\Database\\Migrations\\Migrator.php(633): Illuminate\\Database\\Console\\Migrations\\MigrateCommand->Illuminate\\Database\\Console\\Migrations\\{closure}()
#18 C:\\Users\\admin\\OneDrive\\Documents\\atv_av3\\av3\\vendor\\laravel\\framework\\src\\Illuminate\\Database\\Console\\Migrations\\MigrateCommand.php(83): Illuminate\\Database\\Migrations\\Migrator->usingConnection(NULL, Object(Closure))
#19 C:\\Users\\admin\\OneDrive\\Documents\\atv_av3\\av3\\vendor\\laravel\\framework\\src\\Illuminate\\Container\\BoundMethod.php(36): Illuminate\\Database\\Console\\Migrations\\MigrateCommand->handle()
#20 C:\\Users\\admin\\OneDrive\\Documents\\atv_av3\\av3\\vendor\\laravel\\framework\\src\\Illuminate\\Container\\Util.php(41): Illuminate\\Container\\BoundMethod::Illuminate\\Container\\{closure}()
#21 C:\\Users\\admin\\OneDrive\\Documents\\atv_av3\\av3\\vendor\\laravel\\framework\\src\\Illuminate\\Container\\BoundMethod.php(93): Illuminate\\Container\\Util::unwrapIfClosure(Object(Closure))
#22 C:\\Users\\admin\\OneDrive\\Documents\\atv_av3\\av3\\vendor\\laravel\\framework\\src\\Illuminate\\Container\\BoundMethod.php(35): Illuminate\\Container\\BoundMethod::callBoundMethod(Object(Illuminate\\Foundation\\Application), Array, Object(Closure))
#23 C:\\Users\\admin\\OneDrive\\Documents\\atv_av3\\av3\\vendor\\laravel\\framework\\src\\Illuminate\\Container\\Container.php(662): Illuminate\\Container\\BoundMethod::call(Object(Illuminate\\Foundation\\Application), Array, Array, NULL)
#24 C:\\Users\\admin\\OneDrive\\Documents\\atv_av3\\av3\\vendor\\laravel\\framework\\src\\Illuminate\\Console\\Command.php(211): Illuminate\\Container\\Container->call(Array)
#25 C:\\Users\\admin\\OneDrive\\Documents\\atv_av3\\av3\\vendor\\symfony\\console\\Command\\Command.php(326): Illuminate\\Console\\Command->execute(Object(Symfony\\Component\\Console\\Input\\ArgvInput), Object(Illuminate\\Console\\OutputStyle))
#26 C:\\Users\\admin\\OneDrive\\Documents\\atv_av3\\av3\\vendor\\laravel\\framework\\src\\Illuminate\\Console\\Command.php(180): Symfony\\Component\\Console\\Command\\Command->run(Object(Symfony\\Component\\Console\\Input\\ArgvInput), Object(Illuminate\\Console\\OutputStyle))
#27 C:\\Users\\admin\\OneDrive\\Documents\\atv_av3\\av3\\vendor\\symfony\\console\\Application.php(1096): Illuminate\\Console\\Command->run(Object(Symfony\\Component\\Console\\Input\\ArgvInput), Object(Symfony\\Component\\Console\\Output\\ConsoleOutput))
#28 C:\\Users\\admin\\OneDrive\\Documents\\atv_av3\\av3\\vendor\\symfony\\console\\Application.php(324): Symfony\\Component\\Console\\Application->doRunCommand(Object(Illuminate\\Database\\Console\\Migrations\\MigrateCommand), Object(Symfony\\Component\\Console\\Input\\ArgvInput), Object(Symfony\\Component\\Console\\Output\\ConsoleOutput))
#29 C:\\Users\\admin\\OneDrive\\Documents\\atv_av3\\av3\\vendor\\symfony\\console\\Application.php(175): Symfony\\Component\\Console\\Application->doRun(Object(Symfony\\Component\\Console\\Input\\ArgvInput), Object(Symfony\\Component\\Console\\Output\\ConsoleOutput))
#30 C:\\Users\\admin\\OneDrive\\Documents\\atv_av3\\av3\\vendor\\laravel\\framework\\src\\Illuminate\\Foundation\\Console\\Kernel.php(201): Symfony\\Component\\Console\\Application->run(Object(Symfony\\Component\\Console\\Input\\ArgvInput), Object(Symfony\\Component\\Console\\Output\\ConsoleOutput))
#31 C:\\Users\\admin\\OneDrive\\Documents\\atv_av3\\av3\\artisan(35): Illuminate\\Foundation\\Console\\Kernel->handle(Object(Symfony\\Component\\Console\\Input\\ArgvInput), Object(Symfony\\Component\\Console\\Output\\ConsoleOutput))
#32 {main}

[previous exception] [object] (PDOException(code: HY000): SQLSTATE[HY000]: General error: 1005 Can't create table `vendas`.`produtos` (errno: 150 \"Foreign key constraint is incorrectly formed\") at C:\\Users\\admin\\OneDrive\\Documents\\atv_av3\\av3\\vendor\\laravel\\framework\\src\\Illuminate\\Database\\Connection.php:580)
[stacktrace]
#0 C:\\Users\\admin\\OneDrive\\Documents\\atv_av3\\av3\\vendor\\laravel\\framework\\src\\Illuminate\\Database\\Connection.php(580): PDOStatement->execute()
#1 C:\\Users\\admin\\OneDrive\\Documents\\atv_av3\\av3\\vendor\\laravel\\framework\\src\\Illuminate\\Database\\Connection.php(809): Illuminate\\Database\\Connection->Illuminate\\Database\\{closure}('alter table `pr...', Array)
#2 C:\\Users\\admin\\OneDrive\\Documents\\atv_av3\\av3\\vendor\\laravel\\framework\\src\\Illuminate\\Database\\Connection.php(776): Illuminate\\Database\\Connection->runQueryCallback('alter table `pr...', Array, Object(Closure))
#3 C:\\Users\\admin\\OneDrive\\Documents\\atv_av3\\av3\\vendor\\laravel\\framework\\src\\Illuminate\\Database\\Connection.php(569): Illuminate\\Database\\Connection->run('alter table `pr...', Array, Object(Closure))
#4 C:\\Users\\admin\\OneDrive\\Documents\\atv_av3\\av3\\vendor\\laravel\\framework\\src\\Illuminate\\Database\\Schema\\Blueprint.php(110): Illuminate\\Database\\Connection->statement('alter table `pr...')
#5 C:\\Users\\admin\\OneDrive\\Documents\\atv_av3\\av3\\vendor\\laravel\\framework\\src\\Illuminate\\Database\\Schema\\Builder.php(552): Illuminate\\Database\\Schema\\Blueprint->build(Object(Illuminate\\Database\\MySqlConnection), Object(Illuminate\\Database\\Schema\\Grammars\\MySqlGrammar))
#6 C:\\Users\\admin\\OneDrive\\Documents\\atv_av3\\av3\\vendor\\laravel\\framework\\src\\Illuminate\\Database\\Schema\\Builder.php(406): Illuminate\\Database\\Schema\\Builder->build(Object(Illuminate\\Database\\Schema\\Blueprint))
#7 C:\\Users\\admin\\OneDrive\\Documents\\atv_av3\\av3\\vendor\\laravel\\framework\\src\\Illuminate\\Support\\Facades\\Facade.php(355): Illuminate\\Database\\Schema\\Builder->create('produtos', Object(Closure))
#8 C:\\Users\\admin\\OneDrive\\Documents\\atv_av3\\av3\\database\\migrations\\2023_12_20_151143_create_produtos_table.php(14): Illuminate\\Support\\Facades\\Facade::__callStatic('create', Array)
#9 C:\\Users\\admin\\OneDrive\\Documents\\atv_av3\\av3\\vendor\\laravel\\framework\\src\\Illuminate\\Database\\Migrations\\Migrator.php(493): CreateProdutosTable->up()
#10 C:\\Users\\admin\\OneDrive\\Documents\\atv_av3\\av3\\vendor\\laravel\\framework\\src\\Illuminate\\Database\\Migrations\\Migrator.php(410): Illuminate\\Database\\Migrations\\Migrator->runMethod(Object(Illuminate\\Database\\MySqlConnection), Object(CreateProdutosTable), 'up')
#11 C:\\Users\\admin\\OneDrive\\Documents\\atv_av3\\av3\\vendor\\laravel\\framework\\src\\Illuminate\\Database\\Migrations\\Migrator.php(419): Illuminate\\Database\\Migrations\\Migrator->Illuminate\\Database\\Migrations\\{closure}()
#12 C:\\Users\\admin\\OneDrive\\Documents\\atv_av3\\av3\\vendor\\laravel\\framework\\src\\Illuminate\\Database\\Migrations\\Migrator.php(216): Illuminate\\Database\\Migrations\\Migrator->runMigration(Object(CreateProdutosTable), 'up')
#13 C:\\Users\\admin\\OneDrive\\Documents\\atv_av3\\av3\\vendor\\laravel\\framework\\src\\Illuminate\\Console\\View\\Components\\Task.php(37): Illuminate\\Database\\Migrations\\Migrator->Illuminate\\Database\\Migrations\\{closure}()
#14 C:\\Users\\admin\\OneDrive\\Documents\\atv_av3\\av3\\vendor\\laravel\\framework\\src\\Illuminate\\Database\\Migrations\\Migrator.php(756): Illuminate\\Console\\View\\Components\\Task->render('2023_12_20_1511...', Object(Closure))
#15 C:\\Users\\admin\\OneDrive\\Documents\\atv_av3\\av3\\vendor\\laravel\\framework\\src\\Illuminate\\Database\\Migrations\\Migrator.php(216): Illuminate\\Database\\Migrations\\Migrator->write('Illuminate\\\\Cons...', '2023_12_20_1511...', Object(Closure))
#16 C:\\Users\\admin\\OneDrive\\Documents\\atv_av3\\av3\\vendor\\laravel\\framework\\src\\Illuminate\\Database\\Migrations\\Migrator.php(181): Illuminate\\Database\\Migrations\\Migrator->runUp('C:\\\\Users\\\\admin\\\\...', 1, false)
#17 C:\\Users\\admin\\OneDrive\\Documents\\atv_av3\\av3\\vendor\\laravel\\framework\\src\\Illuminate\\Database\\Migrations\\Migrator.php(124): Illuminate\\Database\\Migrations\\Migrator->runPending(Array, Array)
#18 C:\\Users\\admin\\OneDrive\\Documents\\atv_av3\\av3\\vendor\\laravel\\framework\\src\\Illuminate\\Database\\Console\\Migrations\\MigrateCommand.php(90): Illuminate\\Database\\Migrations\\Migrator->run(Array, Array)
#19 C:\\Users\\admin\\OneDrive\\Documents\\atv_av3\\av3\\vendor\\laravel\\framework\\src\\Illuminate\\Database\\Migrations\\Migrator.php(633): Illuminate\\Database\\Console\\Migrations\\MigrateCommand->Illuminate\\Database\\Console\\Migrations\\{closure}()
#20 C:\\Users\\admin\\OneDrive\\Documents\\atv_av3\\av3\\vendor\\laravel\\framework\\src\\Illuminate\\Database\\Console\\Migrations\\MigrateCommand.php(83): Illuminate\\Database\\Migrations\\Migrator->usingConnection(NULL, Object(Closure))
#21 C:\\Users\\admin\\OneDrive\\Documents\\atv_av3\\av3\\vendor\\laravel\\framework\\src\\Illuminate\\Container\\BoundMethod.php(36): Illuminate\\Database\\Console\\Migrations\\MigrateCommand->handle()
#22 C:\\Users\\admin\\OneDrive\\Documents\\atv_av3\\av3\\vendor\\laravel\\framework\\src\\Illuminate\\Container\\Util.php(41): Illuminate\\Container\\BoundMethod::Illuminate\\Container\\{closure}()
#23 C:\\Users\\admin\\OneDrive\\Documents\\atv_av3\\av3\\vendor\\laravel\\framework\\src\\Illuminate\\Container\\BoundMethod.php(93): Illuminate\\Container\\Util::unwrapIfClosure(Object(Closure))
#24 C:\\Users\\admin\\OneDrive\\Documents\\atv_av3\\av3\\vendor\\laravel\\framework\\src\\Illuminate\\Container\\BoundMethod.php(35): Illuminate\\Container\\BoundMethod::callBoundMethod(Object(Illuminate\\Foundation\\Application), Array, Object(Closure))
#25 C:\\Users\\admin\\OneDrive\\Documents\\atv_av3\\av3\\vendor\\laravel\\framework\\src\\Illuminate\\Container\\Container.php(662): Illuminate\\Container\\BoundMethod::call(Object(Illuminate\\Foundation\\Application), Array, Array, NULL)
#26 C:\\Users\\admin\\OneDrive\\Documents\\atv_av3\\av3\\vendor\\laravel\\framework\\src\\Illuminate\\Console\\Command.php(211): Illuminate\\Container\\Container->call(Array)
#27 C:\\Users\\admin\\OneDrive\\Documents\\atv_av3\\av3\\vendor\\symfony\\console\\Command\\Command.php(326): Illuminate\\Console\\Command->execute(Object(Symfony\\Component\\Console\\Input\\ArgvInput), Object(Illuminate\\Console\\OutputStyle))
#28 C:\\Users\\admin\\OneDrive\\Documents\\atv_av3\\av3\\vendor\\laravel\\framework\\src\\Illuminate\\Console\\Command.php(180): Symfony\\Component\\Console\\Command\\Command->run(Object(Symfony\\Component\\Console\\Input\\ArgvInput), Object(Illuminate\\Console\\OutputStyle))
#29 C:\\Users\\admin\\OneDrive\\Documents\\atv_av3\\av3\\vendor\\symfony\\console\\Application.php(1096): Illuminate\\Console\\Command->run(Object(Symfony\\Component\\Console\\Input\\ArgvInput), Object(Symfony\\Component\\Console\\Output\\ConsoleOutput))
#30 C:\\Users\\admin\\OneDrive\\Documents\\atv_av3\\av3\\vendor\\symfony\\console\\Application.php(324): Symfony\\Component\\Console\\Application->doRunCommand(Object(Illuminate\\Database\\Console\\Migrations\\MigrateCommand), Object(Symfony\\Component\\Console\\Input\\ArgvInput), Object(Symfony\\Component\\Console\\Output\\ConsoleOutput))
#31 C:\\Users\\admin\\OneDrive\\Documents\\atv_av3\\av3\\vendor\\symfony\\console\\Application.php(175): Symfony\\Component\\Console\\Application->doRun(Object(Symfony\\Component\\Console\\Input\\ArgvInput), Object(Symfony\\Component\\Console\\Output\\ConsoleOutput))
#32 C:\\Users\\admin\\OneDrive\\Documents\\atv_av3\\av3\\vendor\\laravel\\framework\\src\\Illuminate\\Foundation\\Console\\Kernel.php(201): Symfony\\Component\\Console\\Application->run(Object(Symfony\\Component\\Console\\Input\\ArgvInput), Object(Symfony\\Component\\Console\\Output\\ConsoleOutput))
#33 C:\\Users\\admin\\OneDrive\\Documents\\atv_av3\\av3\\artisan(35): Illuminate\\Foundation\\Console\\Kernel->handle(Object(Symfony\\Component\\Console\\Input\\ArgvInput), Object(Symfony\\Component\\Console\\Output\\ConsoleOutput))
#34 {main}
"} 
[2023-12-20 17:24:42] local.ERROR: SQLSTATE[HY000]: General error: 1005 Can't create table `vendas`.`produtos` (errno: 150 "Foreign key constraint is incorrectly formed") (Connection: mysql, SQL: alter table `produtos` add constraint `produtos_categoria_id_foreign` foreign key (`categoria_id`) references `categorias` (`id`)) {"exception":"[object] (Illuminate\\Database\\QueryException(code: HY000): SQLSTATE[HY000]: General error: 1005 Can't create table `vendas`.`produtos` (errno: 150 \"Foreign key constraint is incorrectly formed\") (Connection: mysql, SQL: alter table `produtos` add constraint `produtos_categoria_id_foreign` foreign key (`categoria_id`) references `categorias` (`id`)) at C:\\Users\\admin\\OneDrive\\Documents\\atv_av3\\av3\\vendor\\laravel\\framework\\src\\Illuminate\\Database\\Connection.php:822)
[stacktrace]
#0 C:\\Users\\admin\\OneDrive\\Documents\\atv_av3\\av3\\vendor\\laravel\\framework\\src\\Illuminate\\Database\\Connection.php(776): Illuminate\\Database\\Connection->runQueryCallback('alter table `pr...', Array, Object(Closure))
#1 C:\\Users\\admin\\OneDrive\\Documents\\atv_av3\\av3\\vendor\\laravel\\framework\\src\\Illuminate\\Database\\Connection.php(569): Illuminate\\Database\\Connection->run('alter table `pr...', Array, Object(Closure))
#2 C:\\Users\\admin\\OneDrive\\Documents\\atv_av3\\av3\\vendor\\laravel\\framework\\src\\Illuminate\\Database\\Schema\\Blueprint.php(110): Illuminate\\Database\\Connection->statement('alter table `pr...')
#3 C:\\Users\\admin\\OneDrive\\Documents\\atv_av3\\av3\\vendor\\laravel\\framework\\src\\Illuminate\\Database\\Schema\\Builder.php(552): Illuminate\\Database\\Schema\\Blueprint->build(Object(Illuminate\\Database\\MySqlConnection), Object(Illuminate\\Database\\Schema\\Grammars\\MySqlGrammar))
#4 C:\\Users\\admin\\OneDrive\\Documents\\atv_av3\\av3\\vendor\\laravel\\framework\\src\\Illuminate\\Database\\Schema\\Builder.php(406): Illuminate\\Database\\Schema\\Builder->build(Object(Illuminate\\Database\\Schema\\Blueprint))
#5 C:\\Users\\admin\\OneDrive\\Documents\\atv_av3\\av3\\vendor\\laravel\\framework\\src\\Illuminate\\Support\\Facades\\Facade.php(355): Illuminate\\Database\\Schema\\Builder->create('produtos', Object(Closure))
#6 C:\\Users\\admin\\OneDrive\\Documents\\atv_av3\\av3\\database\\migrations\\2023_12_20_151143_create_produtos_table.php(14): Illuminate\\Support\\Facades\\Facade::__callStatic('create', Array)
#7 C:\\Users\\admin\\OneDrive\\Documents\\atv_av3\\av3\\vendor\\laravel\\framework\\src\\Illuminate\\Database\\Migrations\\Migrator.php(493): CreateProdutosTable->up()
#8 C:\\Users\\admin\\OneDrive\\Documents\\atv_av3\\av3\\vendor\\laravel\\framework\\src\\Illuminate\\Database\\Migrations\\Migrator.php(410): Illuminate\\Database\\Migrations\\Migrator->runMethod(Object(Illuminate\\Database\\MySqlConnection), Object(CreateProdutosTable), 'up')
#9 C:\\Users\\admin\\OneDrive\\Documents\\atv_av3\\av3\\vendor\\laravel\\framework\\src\\Illuminate\\Database\\Migrations\\Migrator.php(419): Illuminate\\Database\\Migrations\\Migrator->Illuminate\\Database\\Migrations\\{closure}()
#10 C:\\Users\\admin\\OneDrive\\Documents\\atv_av3\\av3\\vendor\\laravel\\framework\\src\\Illuminate\\Database\\Migrations\\Migrator.php(216): Illuminate\\Database\\Migrations\\Migrator->runMigration(Object(CreateProdutosTable), 'up')
#11 C:\\Users\\admin\\OneDrive\\Documents\\atv_av3\\av3\\vendor\\laravel\\framework\\src\\Illuminate\\Console\\View\\Components\\Task.php(37): Illuminate\\Database\\Migrations\\Migrator->Illuminate\\Database\\Migrations\\{closure}()
#12 C:\\Users\\admin\\OneDrive\\Documents\\atv_av3\\av3\\vendor\\laravel\\framework\\src\\Illuminate\\Database\\Migrations\\Migrator.php(756): Illuminate\\Console\\View\\Components\\Task->render('2023_12_20_1511...', Object(Closure))
#13 C:\\Users\\admin\\OneDrive\\Documents\\atv_av3\\av3\\vendor\\laravel\\framework\\src\\Illuminate\\Database\\Migrations\\Migrator.php(216): Illuminate\\Database\\Migrations\\Migrator->write('Illuminate\\\\Cons...', '2023_12_20_1511...', Object(Closure))
#14 C:\\Users\\admin\\OneDrive\\Documents\\atv_av3\\av3\\vendor\\laravel\\framework\\src\\Illuminate\\Database\\Migrations\\Migrator.php(181): Illuminate\\Database\\Migrations\\Migrator->runUp('C:\\\\Users\\\\admin\\\\...', 1, false)
#15 C:\\Users\\admin\\OneDrive\\Documents\\atv_av3\\av3\\vendor\\laravel\\framework\\src\\Illuminate\\Database\\Migrations\\Migrator.php(124): Illuminate\\Database\\Migrations\\Migrator->runPending(Array, Array)
#16 C:\\Users\\admin\\OneDrive\\Documents\\atv_av3\\av3\\vendor\\laravel\\framework\\src\\Illuminate\\Database\\Console\\Migrations\\MigrateCommand.php(90): Illuminate\\Database\\Migrations\\Migrator->run(Array, Array)
#17 C:\\Users\\admin\\OneDrive\\Documents\\atv_av3\\av3\\vendor\\laravel\\framework\\src\\Illuminate\\Database\\Migrations\\Migrator.php(633): Illuminate\\Database\\Console\\Migrations\\MigrateCommand->Illuminate\\Database\\Console\\Migrations\\{closure}()
#18 C:\\Users\\admin\\OneDrive\\Documents\\atv_av3\\av3\\vendor\\laravel\\framework\\src\\Illuminate\\Database\\Console\\Migrations\\MigrateCommand.php(83): Illuminate\\Database\\Migrations\\Migrator->usingConnection(NULL, Object(Closure))
#19 C:\\Users\\admin\\OneDrive\\Documents\\atv_av3\\av3\\vendor\\laravel\\framework\\src\\Illuminate\\Container\\BoundMethod.php(36): Illuminate\\Database\\Console\\Migrations\\MigrateCommand->handle()
#20 C:\\Users\\admin\\OneDrive\\Documents\\atv_av3\\av3\\vendor\\laravel\\framework\\src\\Illuminate\\Container\\Util.php(41): Illuminate\\Container\\BoundMethod::Illuminate\\Container\\{closure}()
#21 C:\\Users\\admin\\OneDrive\\Documents\\atv_av3\\av3\\vendor\\laravel\\framework\\src\\Illuminate\\Container\\BoundMethod.php(93): Illuminate\\Container\\Util::unwrapIfClosure(Object(Closure))
#22 C:\\Users\\admin\\OneDrive\\Documents\\atv_av3\\av3\\vendor\\laravel\\framework\\src\\Illuminate\\Container\\BoundMethod.php(35): Illuminate\\Container\\BoundMethod::callBoundMethod(Object(Illuminate\\Foundation\\Application), Array, Object(Closure))
#23 C:\\Users\\admin\\OneDrive\\Documents\\atv_av3\\av3\\vendor\\laravel\\framework\\src\\Illuminate\\Container\\Container.php(662): Illuminate\\Container\\BoundMethod::call(Object(Illuminate\\Foundation\\Application), Array, Array, NULL)
#24 C:\\Users\\admin\\OneDrive\\Documents\\atv_av3\\av3\\vendor\\laravel\\framework\\src\\Illuminate\\Console\\Command.php(211): Illuminate\\Container\\Container->call(Array)
#25 C:\\Users\\admin\\OneDrive\\Documents\\atv_av3\\av3\\vendor\\symfony\\console\\Command\\Command.php(326): Illuminate\\Console\\Command->execute(Object(Symfony\\Component\\Console\\Input\\ArgvInput), Object(Illuminate\\Console\\OutputStyle))
#26 C:\\Users\\admin\\OneDrive\\Documents\\atv_av3\\av3\\vendor\\laravel\\framework\\src\\Illuminate\\Console\\Command.php(180): Symfony\\Component\\Console\\Command\\Command->run(Object(Symfony\\Component\\Console\\Input\\ArgvInput), Object(Illuminate\\Console\\OutputStyle))
#27 C:\\Users\\admin\\OneDrive\\Documents\\atv_av3\\av3\\vendor\\symfony\\console\\Application.php(1096): Illuminate\\Console\\Command->run(Object(Symfony\\Component\\Console\\Input\\ArgvInput), Object(Symfony\\Component\\Console\\Output\\ConsoleOutput))
#28 C:\\Users\\admin\\OneDrive\\Documents\\atv_av3\\av3\\vendor\\symfony\\console\\Application.php(324): Symfony\\Component\\Console\\Application->doRunCommand(Object(Illuminate\\Database\\Console\\Migrations\\MigrateCommand), Object(Symfony\\Component\\Console\\Input\\ArgvInput), Object(Symfony\\Component\\Console\\Output\\ConsoleOutput))
#29 C:\\Users\\admin\\OneDrive\\Documents\\atv_av3\\av3\\vendor\\symfony\\console\\Application.php(175): Symfony\\Component\\Console\\Application->doRun(Object(Symfony\\Component\\Console\\Input\\ArgvInput), Object(Symfony\\Component\\Console\\Output\\ConsoleOutput))
#30 C:\\Users\\admin\\OneDrive\\Documents\\atv_av3\\av3\\vendor\\laravel\\framework\\src\\Illuminate\\Foundation\\Console\\Kernel.php(201): Symfony\\Component\\Console\\Application->run(Object(Symfony\\Component\\Console\\Input\\ArgvInput), Object(Symfony\\Component\\Console\\Output\\ConsoleOutput))
#31 C:\\Users\\admin\\OneDrive\\Documents\\atv_av3\\av3\\artisan(35): Illuminate\\Foundation\\Console\\Kernel->handle(Object(Symfony\\Component\\Console\\Input\\ArgvInput), Object(Symfony\\Component\\Console\\Output\\ConsoleOutput))
#32 {main}

[previous exception] [object] (PDOException(code: HY000): SQLSTATE[HY000]: General error: 1005 Can't create table `vendas`.`produtos` (errno: 150 \"Foreign key constraint is incorrectly formed\") at C:\\Users\\admin\\OneDrive\\Documents\\atv_av3\\av3\\vendor\\laravel\\framework\\src\\Illuminate\\Database\\Connection.php:580)
[stacktrace]
#0 C:\\Users\\admin\\OneDrive\\Documents\\atv_av3\\av3\\vendor\\laravel\\framework\\src\\Illuminate\\Database\\Connection.php(580): PDOStatement->execute()
#1 C:\\Users\\admin\\OneDrive\\Documents\\atv_av3\\av3\\vendor\\laravel\\framework\\src\\Illuminate\\Database\\Connection.php(809): Illuminate\\Database\\Connection->Illuminate\\Database\\{closure}('alter table `pr...', Array)
#2 C:\\Users\\admin\\OneDrive\\Documents\\atv_av3\\av3\\vendor\\laravel\\framework\\src\\Illuminate\\Database\\Connection.php(776): Illuminate\\Database\\Connection->runQueryCallback('alter table `pr...', Array, Object(Closure))
#3 C:\\Users\\admin\\OneDrive\\Documents\\atv_av3\\av3\\vendor\\laravel\\framework\\src\\Illuminate\\Database\\Connection.php(569): Illuminate\\Database\\Connection->run('alter table `pr...', Array, Object(Closure))
#4 C:\\Users\\admin\\OneDrive\\Documents\\atv_av3\\av3\\vendor\\laravel\\framework\\src\\Illuminate\\Database\\Schema\\Blueprint.php(110): Illuminate\\Database\\Connection->statement('alter table `pr...')
#5 C:\\Users\\admin\\OneDrive\\Documents\\atv_av3\\av3\\vendor\\laravel\\framework\\src\\Illuminate\\Database\\Schema\\Builder.php(552): Illuminate\\Database\\Schema\\Blueprint->build(Object(Illuminate\\Database\\MySqlConnection), Object(Illuminate\\Database\\Schema\\Grammars\\MySqlGrammar))
#6 C:\\Users\\admin\\OneDrive\\Documents\\atv_av3\\av3\\vendor\\laravel\\framework\\src\\Illuminate\\Database\\Schema\\Builder.php(406): Illuminate\\Database\\Schema\\Builder->build(Object(Illuminate\\Database\\Schema\\Blueprint))
#7 C:\\Users\\admin\\OneDrive\\Documents\\atv_av3\\av3\\vendor\\laravel\\framework\\src\\Illuminate\\Support\\Facades\\Facade.php(355): Illuminate\\Database\\Schema\\Builder->create('produtos', Object(Closure))
#8 C:\\Users\\admin\\OneDrive\\Documents\\atv_av3\\av3\\database\\migrations\\2023_12_20_151143_create_produtos_table.php(14): Illuminate\\Support\\Facades\\Facade::__callStatic('create', Array)
#9 C:\\Users\\admin\\OneDrive\\Documents\\atv_av3\\av3\\vendor\\laravel\\framework\\src\\Illuminate\\Database\\Migrations\\Migrator.php(493): CreateProdutosTable->up()
#10 C:\\Users\\admin\\OneDrive\\Documents\\atv_av3\\av3\\vendor\\laravel\\framework\\src\\Illuminate\\Database\\Migrations\\Migrator.php(410): Illuminate\\Database\\Migrations\\Migrator->runMethod(Object(Illuminate\\Database\\MySqlConnection), Object(CreateProdutosTable), 'up')
#11 C:\\Users\\admin\\OneDrive\\Documents\\atv_av3\\av3\\vendor\\laravel\\framework\\src\\Illuminate\\Database\\Migrations\\Migrator.php(419): Illuminate\\Database\\Migrations\\Migrator->Illuminate\\Database\\Migrations\\{closure}()
#12 C:\\Users\\admin\\OneDrive\\Documents\\atv_av3\\av3\\vendor\\laravel\\framework\\src\\Illuminate\\Database\\Migrations\\Migrator.php(216): Illuminate\\Database\\Migrations\\Migrator->runMigration(Object(CreateProdutosTable), 'up')
#13 C:\\Users\\admin\\OneDrive\\Documents\\atv_av3\\av3\\vendor\\laravel\\framework\\src\\Illuminate\\Console\\View\\Components\\Task.php(37): Illuminate\\Database\\Migrations\\Migrator->Illuminate\\Database\\Migrations\\{closure}()
#14 C:\\Users\\admin\\OneDrive\\Documents\\atv_av3\\av3\\vendor\\laravel\\framework\\src\\Illuminate\\Database\\Migrations\\Migrator.php(756): Illuminate\\Console\\View\\Components\\Task->render('2023_12_20_1511...', Object(Closure))
#15 C:\\Users\\admin\\OneDrive\\Documents\\atv_av3\\av3\\vendor\\laravel\\framework\\src\\Illuminate\\Database\\Migrations\\Migrator.php(216): Illuminate\\Database\\Migrations\\Migrator->write('Illuminate\\\\Cons...', '2023_12_20_1511...', Object(Closure))
#16 C:\\Users\\admin\\OneDrive\\Documents\\atv_av3\\av3\\vendor\\laravel\\framework\\src\\Illuminate\\Database\\Migrations\\Migrator.php(181): Illuminate\\Database\\Migrations\\Migrator->runUp('C:\\\\Users\\\\admin\\\\...', 1, false)
#17 C:\\Users\\admin\\OneDrive\\Documents\\atv_av3\\av3\\vendor\\laravel\\framework\\src\\Illuminate\\Database\\Migrations\\Migrator.php(124): Illuminate\\Database\\Migrations\\Migrator->runPending(Array, Array)
#18 C:\\Users\\admin\\OneDrive\\Documents\\atv_av3\\av3\\vendor\\laravel\\framework\\src\\Illuminate\\Database\\Console\\Migrations\\MigrateCommand.php(90): Illuminate\\Database\\Migrations\\Migrator->run(Array, Array)
#19 C:\\Users\\admin\\OneDrive\\Documents\\atv_av3\\av3\\vendor\\laravel\\framework\\src\\Illuminate\\Database\\Migrations\\Migrator.php(633): Illuminate\\Database\\Console\\Migrations\\MigrateCommand->Illuminate\\Database\\Console\\Migrations\\{closure}()
#20 C:\\Users\\admin\\OneDrive\\Documents\\atv_av3\\av3\\vendor\\laravel\\framework\\src\\Illuminate\\Database\\Console\\Migrations\\MigrateCommand.php(83): Illuminate\\Database\\Migrations\\Migrator->usingConnection(NULL, Object(Closure))
#21 C:\\Users\\admin\\OneDrive\\Documents\\atv_av3\\av3\\vendor\\laravel\\framework\\src\\Illuminate\\Container\\BoundMethod.php(36): Illuminate\\Database\\Console\\Migrations\\MigrateCommand->handle()
#22 C:\\Users\\admin\\OneDrive\\Documents\\atv_av3\\av3\\vendor\\laravel\\framework\\src\\Illuminate\\Container\\Util.php(41): Illuminate\\Container\\BoundMethod::Illuminate\\Container\\{closure}()
#23 C:\\Users\\admin\\OneDrive\\Documents\\atv_av3\\av3\\vendor\\laravel\\framework\\src\\Illuminate\\Container\\BoundMethod.php(93): Illuminate\\Container\\Util::unwrapIfClosure(Object(Closure))
#24 C:\\Users\\admin\\OneDrive\\Documents\\atv_av3\\av3\\vendor\\laravel\\framework\\src\\Illuminate\\Container\\BoundMethod.php(35): Illuminate\\Container\\BoundMethod::callBoundMethod(Object(Illuminate\\Foundation\\Application), Array, Object(Closure))
#25 C:\\Users\\admin\\OneDrive\\Documents\\atv_av3\\av3\\vendor\\laravel\\framework\\src\\Illuminate\\Container\\Container.php(662): Illuminate\\Container\\BoundMethod::call(Object(Illuminate\\Foundation\\Application), Array, Array, NULL)
#26 C:\\Users\\admin\\OneDrive\\Documents\\atv_av3\\av3\\vendor\\laravel\\framework\\src\\Illuminate\\Console\\Command.php(211): Illuminate\\Container\\Container->call(Array)
#27 C:\\Users\\admin\\OneDrive\\Documents\\atv_av3\\av3\\vendor\\symfony\\console\\Command\\Command.php(326): Illuminate\\Console\\Command->execute(Object(Symfony\\Component\\Console\\Input\\ArgvInput), Object(Illuminate\\Console\\OutputStyle))
#28 C:\\Users\\admin\\OneDrive\\Documents\\atv_av3\\av3\\vendor\\laravel\\framework\\src\\Illuminate\\Console\\Command.php(180): Symfony\\Component\\Console\\Command\\Command->run(Object(Symfony\\Component\\Console\\Input\\ArgvInput), Object(Illuminate\\Console\\OutputStyle))
#29 C:\\Users\\admin\\OneDrive\\Documents\\atv_av3\\av3\\vendor\\symfony\\console\\Application.php(1096): Illuminate\\Console\\Command->run(Object(Symfony\\Component\\Console\\Input\\ArgvInput), Object(Symfony\\Component\\Console\\Output\\ConsoleOutput))
#30 C:\\Users\\admin\\OneDrive\\Documents\\atv_av3\\av3\\vendor\\symfony\\console\\Application.php(324): Symfony\\Component\\Console\\Application->doRunCommand(Object(Illuminate\\Database\\Console\\Migrations\\MigrateCommand), Object(Symfony\\Component\\Console\\Input\\ArgvInput), Object(Symfony\\Component\\Console\\Output\\ConsoleOutput))
#31 C:\\Users\\admin\\OneDrive\\Documents\\atv_av3\\av3\\vendor\\symfony\\console\\Application.php(175): Symfony\\Component\\Console\\Application->doRun(Object(Symfony\\Component\\Console\\Input\\ArgvInput), Object(Symfony\\Component\\Console\\Output\\ConsoleOutput))
#32 C:\\Users\\admin\\OneDrive\\Documents\\atv_av3\\av3\\vendor\\laravel\\framework\\src\\Illuminate\\Foundation\\Console\\Kernel.php(201): Symfony\\Component\\Console\\Application->run(Object(Symfony\\Component\\Console\\Input\\ArgvInput), Object(Symfony\\Component\\Console\\Output\\ConsoleOutput))
#33 C:\\Users\\admin\\OneDrive\\Documents\\atv_av3\\av3\\artisan(35): Illuminate\\Foundation\\Console\\Kernel->handle(Object(Symfony\\Component\\Console\\Input\\ArgvInput), Object(Symfony\\Component\\Console\\Output\\ConsoleOutput))
#34 {main}
"} 
